Jun 16, 2021 10:37:48 AM admf.BCPGPFileAndFolder checkConfigMt
INFO: Reading configuration file.
Jun 16, 2021 10:37:48 AM admf.ConvertMT940 convertMtAdmf
INFO: Start mapping file mnemonic
Jun 16, 2021 10:37:48 AM admf.ConvertMT940 convertMtAdmf
INFO: Mapping file mnemonic done
Jun 16, 2021 10:37:48 AM admf.ConvertMT940 convertMtAdmf
INFO: Starting convert file KAI001_000001176908_20200722.txt
Jun 16, 2021 10:37:48 AM admf.ConvertMT940 getCurrency
INFO: Currency found
Jun 16, 2021 10:37:48 AM admf.ConvertMT940 getCurrency
INFO: Currency found
Jun 16, 2021 10:37:48 AM admf.ConvertMT940 convertMtAdmf
INFO: File KAI001_000001176908_20200722.txt converted
Jun 16, 2021 10:38:10 AM admf.BCPGPFileAndFolder checkConfigMt
INFO: Reading configuration file.
Jun 16, 2021 10:38:10 AM admf.ConvertMT940 convertMtAdmf
INFO: Start mapping file mnemonic
Jun 16, 2021 10:38:10 AM admf.ConvertMT940 convertMtAdmf
INFO: Mapping file mnemonic done
Jun 16, 2021 10:38:10 AM admf.ConvertMT940 convertMtAdmf
INFO: Starting convert file KAI001_000001176908_20200722.txt
Jun 16, 2021 10:38:10 AM admf.ConvertMT940 getCurrency
INFO: Currency found
Jun 16, 2021 10:38:10 AM admf.ConvertMT940 getCurrency
INFO: Currency found
Jun 16, 2021 10:38:10 AM admf.ConvertMT940 convertMtAdmf
INFO: File KAI001_000001176908_20200722.txt converted
Jun 16, 2021 10:47:58 AM admf.BCPGPFileAndFolder checkConfigMt
INFO: Reading configuration file.
Jun 16, 2021 10:47:58 AM admf.ConvertMT940 convertMtAdmf
INFO: Start mapping file mnemonic
Jun 16, 2021 10:47:58 AM admf.ConvertMT940 convertMtAdmf
INFO: Mapping file mnemonic done
Jun 16, 2021 10:47:58 AM admf.ConvertMT940 convertMtAdmf
INFO: Starting convert file KAI001_000001176908_20200722.txt
Jun 16, 2021 10:47:58 AM admf.ConvertMT940 getCurrency
INFO: Currency found
Jun 16, 2021 10:47:58 AM admf.ConvertMT940 getCurrency
INFO: Currency found
Jun 16, 2021 10:47:58 AM admf.ConvertMT940 convertMtAdmf
INFO: File KAI001_000001176908_20200722.txt converted
Jun 16, 2021 10:50:54 AM admf.BCPGPFileAndFolder checkConfigMt
INFO: Reading configuration file.
Jun 16, 2021 10:50:54 AM admf.ConvertMT940 convertMtAdmf
INFO: Start mapping file mnemonic
Jun 16, 2021 10:50:54 AM admf.ConvertMT940 convertMtAdmf
INFO: Mapping file mnemonic done
Jun 16, 2021 10:50:54 AM admf.ConvertMT940 convertMtAdmf
INFO: Starting convert file KAI001_000001176908_20200722.txt
Jun 16, 2021 10:50:54 AM admf.ConvertMT940 getCurrency
INFO: Currency found
Jun 16, 2021 10:50:54 AM admf.ConvertMT940 getCurrency
INFO: Currency found
Jun 16, 2021 10:50:54 AM admf.ConvertMT940 convertMtAdmf
INFO: File KAI001_000001176908_20200722.txt converted
